<?xml version="1.0" encoding="UTF-8"?>
<!-- Generated by org.testng.reporters.JUnitXMLReporter -->
<testsuite ignored="1" hostname="Simil" failures="0" tests="2" name="Default test" time="0.127" errors="0" timestamp="2022-10-30T12:24:12 IST">
  <testcase classname="TestModules.TestNG2" name="TestMethod2" time="0.018"/>
  <testcase classname="TestModules.TestNG2" name="TestMethod3" time="0.004"/>
  <testcase classname="TestModules.TestNG2" name="TestMethod1" time="0.0">
    <ignored/>
  </testcase> <!-- TestMethod1 -->
</testsuite> <!-- Default test -->
