<?xml version="1.0" encoding="UTF-8"?>
<!-- Generated by org.testng.reporters.JUnitXMLReporter -->
<testsuite ignored="3" hostname="Simil" failures="0" tests="1" name="Test" time="0.112" errors="0" timestamp="2022-10-30T13:19:42 IST">
  <testcase classname="TestModules.TestNG2" name="ABCD" time="0.017"/>
  <testcase classname="TestModules.TestNG2" name="TestMethod1" time="0.0">
    <ignored/>
  </testcase> <!-- TestMethod1 -->
  <testcase classname="TestModules.TestNG2" name="TestMethod2" time="0.0">
    <ignored/>
  </testcase> <!-- TestMethod2 -->
  <testcase classname="TestModules.TestNG2" name="TestMethod3" time="0.0">
    <ignored/>
  </testcase> <!-- TestMethod3 -->
</testsuite> <!-- Test -->
