<?xml version="1.0" encoding="UTF-8"?>
<testng-results ignored="3" total="4" passed="1" failed="0" skipped="0">
  <reporter-output>
  </reporter-output>
  <suite started-at="2022-10-30T13:19:42 IST" name="Suite" finished-at="2022-10-30T13:19:42 IST" duration-ms="112">
    <groups>
    </groups>
    <test started-at="2022-10-30T13:19:42 IST" name="Test" finished-at="2022-10-30T13:19:42 IST" duration-ms="112">
      <class name="TestModules.TestNG2">
        <test-method signature="ABCD()[pri:0, instance:TestModules.TestNG2@7f3b84b8]" started-at="2022-10-30T13:19:42 IST" name="ABCD" finished-at="2022-10-30T13:19:42 IST" duration-ms="17" status="PASS">
          <reporter-output>
          </reporter-output>
        </test-method> <!-- ABCD -->
      </class> <!-- TestModules.TestNG2 -->
    </test> <!-- Test -->
  </suite> <!-- Suite -->
</testng-results>
