<?xml version="1.0" encoding="UTF-8"?>
<testng-results ignored="0" total="2" passed="2" failed="0" skipped="0">
  <reporter-output>
  </reporter-output>
  <suite started-at="2022-08-09T00:20:46 IST" name="Suite" finished-at="2022-08-09T00:21:15 IST" duration-ms="29557">
    <groups>
    </groups>
    <test started-at="2022-08-09T00:20:46 IST" name="Test" finished-at="2022-08-09T00:21:15 IST" duration-ms="29557">
      <class name="TestModules.Test_LoginTest">
        <test-method signature="VerifyHomeToSignIn()[pri:1, instance:TestModules.Test_LoginTest@158d2680]" started-at="2022-08-09T00:20:46 IST" name="VerifyHomeToSignIn" finished-at="2022-08-09T00:21:13 IST" duration-ms="27404" status="PASS">
          <reporter-output>
          </reporter-output>
        </test-method> <!-- VerifyHomeToSignIn -->
        <test-method signature="SignIn()[pri:2, instance:TestModules.Test_LoginTest@158d2680]" started-at="2022-08-09T00:21:13 IST" name="SignIn" finished-at="2022-08-09T00:21:15 IST" duration-ms="2004" status="PASS">
          <reporter-output>
          </reporter-output>
        </test-method> <!-- SignIn -->
      </class> <!-- TestModules.Test_LoginTest -->
    </test> <!-- Test -->
  </suite> <!-- Suite -->
</testng-results>
